Converting the ASJP16 distances to a distances matrix.
	No ISO or WALS codes for language  PROTO_CENTRAL_KHOISAN{Kho.CENTRAL_KHOISAN|@} ; skipping...
	No ISO or WALS codes for language  PROTO_EAST_KHOE{Kho.CENTRAL_KHOISAN|@} ; skipping...
	No ISO or WALS codes for language  PROTO_KHOE{Kho.CENTRAL_KHOISAN|@} ; skipping...
	No ISO or WALS codes for language  PROTO_WEST_KHOE{Kho.CENTRAL_KHOISAN|@} ; skipping...
	No ISO or WALS codes for language  PROTO_NORTHERN_KHOISAN{Kho.NORTHERN_KHOISAN|@} ; skipping...
	No ISO or WALS codes for language  PROTO_BANTU_1{NC.BANTOID|@} ; skipping...
	No ISO or WALS codes for language  PROTO_BANTU_2{NC.BANTOID|@} ; skipping...
	No ISO or WALS codes for language  PROTO_BANTU_3{NC.BANTOID|@} ; skipping...
	No ISO or WALS codes for language  PROTO_NGIRI{NC.BANTOID|@} ; skipping...
	No ISO or WALS codes for language  PROTO_LOWER_CROSS{NC.CROSS_RIVER|@} ; skipping...
	No ISO or WALS codes for language  PROTO_EDOID{NC.EDOID|@} ; skipping...
	No ISO or WALS codes for language  PROTO_CENTRAL_GUR{NC.GUR|@} ; skipping...
	No ISO or WALS codes for language  PROTO_OTI-VOLTA{NC.GUR|@} ; skipping...
	No ISO or WALS codes for language  PROTO_OTI_VOLTA_ORIENTAL{NC.GUR|Niger-Congo,Atlantic-Congo,Volta-Congo,North,Gur,Central,Northern,Oti-Volta@} ; skipping...
	No ISO or WALS codes for language  PROTO_HEIBAN{NC.HEIBAN|Niger-Congo,Kordofanian,Heiban@} ; skipping...
	No ISO or WALS codes for language  PROTO_IJOID{NC.IJOID|@} ; skipping...
	No ISO or WALS codes for language  PROTO_TOGO{NC.KWA|@} ; skipping...
	No ISO or WALS codes for language  GWARA{NC.PLATOID|Niger-Congo,Atlantic-Congo,Volta-Congo,Benue-Congo,Plateau@Atlantic-Congo,Volta-Congo,Benue-Congo,Benue-CongoPlateau,WesternBenue-CongoPlateau,NorthwesternBenue-CongoPlateau,Koroic} ; skipping...
	No ISO or WALS codes for language  PROTO_TALODI{NC.TALODI_PROPER|Niger-Congo,Kordofanian,Talodi@} ; skipping...
	No ISO or WALS codes for language  PROTO_GBAYA{NC.UBANGI|@} ; skipping...
	No ISO or WALS codes for language  PROTO_UKAAN{NC.UKAAN|@} ; skipping...
	No ISO or WALS codes for language  PROTO_MANDEKAN{NC.WESTERN_MANDE|@} ; skipping...
	No ISO or WALS codes for language  PROTO_DAJU{NS.DAJU|@} ; skipping...
	No ISO or WALS codes for language  PROTO_KULIAK{NS.KULIAK|@} ; skipping...
	No ISO or WALS codes for language  PROTO_EASTERN_NILOTIC{NS.NILOTIC|@} ; skipping...
	No ISO or WALS codes for language  PROTO_LOTUKO_MAA{NS.NILOTIC|@} ; skipping...
	No ISO or WALS codes for language  PROTO_MAA{NS.NILOTIC|Nilo-Saharan,EasternSudanic,Nilotic,Eastern,Lotuxo-Teso,Lotuxo-Maa,Ongamo-Maa@} ; skipping...
	No ISO or WALS codes for language  PROTO_ONGAMO_MAA{NS.NILOTIC|Nilo-Saharan,EasternSudanic,Nilotic,Eastern,Lotuxo-Teso,Lotuxo-Maa,Ongamo-Maa@} ; skipping...
	No ISO or WALS codes for language  PROTO_SOUTHERN_NILOTIC{NS.NILOTIC|Nilo-Saharan,EasternSudanic,Nilotic,Southern@} ; skipping...
	No ISO or WALS codes for language  PROTO_TESO_LOTUKO_MAA{NS.NILOTIC|@} ; skipping...
	No ISO or WALS codes for language  PROTO_NILE_NUBIAN{NS.NUBIAN|@} ; skipping...
	No ISO or WALS codes for language  PROTO_NUBIAN{NS.NUBIAN|@} ; skipping...
	No ISO or WALS codes for language  PROTO_BIU-MANDARA{AA.BIU-MANDARA|@} ; skipping...
	No ISO or WALS codes for language  PROTO_AGAW{AA.CENTRAL_CUSHITIC|@} ; skipping...
	No ISO or WALS codes for language  PROTO_CHADIC{AA.CHADIC|@} ; skipping...
	No ISO or WALS codes for language  PROTO_CUSHITIC{AA.CUSHITIC|Afro-Asiatic,Cushitic@} ; skipping...
	No ISO or WALS codes for language  PROTO_SOUTH_CUSHITIC{AA.SOUTHERN_CUSHITIC|Afro-Asiatic,Cushitic,South@} ; skipping...
	No ISO or WALS codes for language  PROTO_WEST_RIFT{AA.SOUTHERN_CUSHITIC|Afro-Asiatic,Cushitic,South@} ; skipping...
	No ISO or WALS codes for language  PROTO_EAST_CUSHITIC{AA.EASTERN_CUSHITIC|Afro-Asiatic,Cushitic,East@} ; skipping...
	No ISO or WALS codes for language  PROTO_HIGHLAND_EAST_CUSHITIC{AA.EASTERN_CUSHITIC|@} ; skipping...
	No ISO or WALS codes for language  PROTO_SAM{AA.EASTERN_CUSHITIC|@} ; skipping...
	No ISO or WALS codes for language  LATE_EGYPTIAN{AA.EGYPTIAN-COPTIC|Afro-Asiatic,Egyptian@Afro-Asiatic,Egyptian} ; skipping...
	No ISO or WALS codes for language  MIDDLE_EGYPTIAN{AA.EGYPTIAN-COPTIC|Afro-Asiatic,Egyptian@Afro-Asiatic,Egyptian} ; skipping...
	No ISO or WALS codes for language  ARAMAIC_ANCIENT{AA.SEMITIC|Afro-Asiatic,Semitic,Central,Aramaic@Afro-Asiatic,Semitic,WestSemitic,CentralSemitic,NorthwestSemitic,Aramaic} ; skipping...
	No ISO or WALS codes for language  OGADEN_ARABIC{AA.SEMITIC|Afro-Asiatic,Semitic,Central,South,Arabic@Afro-Asiatic,Semitic,WestSemitic,CentralSemitic,Arabian,Arabic,ArabianPeninsulaArabic} ; skipping...
	No ISO or WALS codes for language  PROTO_SEMITIC{AA.SEMITIC|@} ; skipping...
	No ISO or WALS codes for language  PROTO_CELTIC{IE.CELTIC|@} ; skipping...
	No ISO or WALS codes for language  OLD_LOW_FRANCONIAN{IE.GERMANIC|Indo-European,Germanic,West@Indo-European,Germanic,NorthwestGermanic,WestGermanic} ; skipping...
	No ISO or WALS codes for language  PROTO_GERMANIC{IE.GERMANIC|@} ; skipping...
	No ISO or WALS codes for language  PROTO_HINDKO{IE.INDIC|@} ; skipping...
	No ISO or WALS codes for language  PROTO_NORTHERN_HINDKO{IE.INDIC|@} ; skipping...
	No ISO or WALS codes for language  PROTO_SOUTHERN_HINDKO{IE.INDIC|@} ; skipping...
	No ISO or WALS codes for language  PROTO_THARU{IE.INDIC|@} ; skipping...
	No ISO or WALS codes for language  PROTO_WESTERN_PUNJABI{IE.INDIC|@} ; skipping...
	No ISO or WALS codes for language  PROTO_INDO_EUROPEAN{IE.PIE|@} ; skipping...
	No ISO or WALS codes for language  PROTO_INDO_EUROPEAN_2{IE.PIE|@} ; skipping...
	No ISO or WALS codes for language  PROTO_INDO_EUROPEAN_3{IE.PIE|@} ; skipping...
	No ISO or WALS codes for language  SARDINIAN{IE.ROMANCE|Indo-European,Italic,Romance,Southern,Sardinian@Indo-European,Italic,Latino-Faliscan,Romance} ; skipping...
	No ISO or WALS codes for language  COMMON_TOCHARIAN{IE.TOCHARIAN|Indo-European,Tokharian@Indo-European,Tokharian} ; skipping...
	No ISO or WALS codes for language  PROTO_SAMOJEDISCH{Ura.SAMOYEDIC|@} ; skipping...
	No ISO or WALS codes for language  PROTO_URALIC{Ura.URALIC|@} ; skipping...
	No ISO or WALS codes for language  PROTO_URALIC_2{Ura.URALIC|@} ; skipping...
	No ISO or WALS codes for language  PROTO_YENISEIAN{Yen.YENISEIAN|@} ; skipping...
	No ISO or WALS codes for language  PROTO_CHUKOTKO_KAMCHATKAN{CK.CK|@} ; skipping...
	No ISO or WALS codes for language  PROTO_AINU{Ain.AINU|@} ; skipping...
	No ISO or WALS codes for language  PROTO_LEZGIAN{NDa.LEZGIC|NorthCaucasian,EastCaucasian,Lezgic@} ; skipping...
	No ISO or WALS codes for language  PROTO_KARTVELIAN{Krt.KARTVELIAN|Kartvelian@} ; skipping...
	No ISO or WALS codes for language  PROTO_KARTVELIAN_2{Krt.KARTVELIAN|@} ; skipping...
	No ISO or WALS codes for language  PROTO_WESTERN_TIBETAN{ST.BODIC|@} ; skipping...
	No ISO or WALS codes for language  PROTO_BODO{ST.BODO-GARO|@} ; skipping...
	No ISO or WALS codes for language  PROTO_LOLO_BURMESE{ST.BURMESE-LOLO|Sino-Tibetan,Tibeto-Burman,Lolo-Burmese@} ; skipping...
	No ISO or WALS codes for language  PROTO_LOLO_BURMESE_2{ST.BURMESE-LOLO|Sino-Tibetan,Tibeto-Burman,Lolo-Burmese@} ; skipping...
	No ISO or WALS codes for language  PROTO_NISOIC{ST.BURMESE-LOLO|Sino-Tibetan,Tibeto-Burman,Lolo-Burmese,Loloish@} ; skipping...
	No ISO or WALS codes for language  PROTO_KAREN{ST.KAREN|@} ; skipping...
	No ISO or WALS codes for language  PROTO_NORTHERN_NAGA{ST.NORTHERN_NAGA|@} ; skipping...
	No ISO or WALS codes for language  PROTO_SINO_TIBETAN{ST.ST|@} ; skipping...
	No ISO or WALS codes for language  PROTO_SINO_TIBETAN_2{ST.ST|Sino-Tibetan@} ; skipping...
	No ISO or WALS codes for language  PROTO_TIBETO_BURMAN{ST.TIBETO-BURMAN|@} ; skipping...
	No ISO or WALS codes for language  PROTO_TIBETO_BURMAN_2{ST.TIBETO-BURMAN|Sino-Tibetan,Tibeto-Burman@} ; skipping...
	No ISO or WALS codes for language  PROTO_TIBETO_BURMAN_3{ST.TIBETO-BURMAN|Sino-Tibetan,Tibeto-Burman@} ; skipping...
	No ISO or WALS codes for language  PROTO_TANI{ST.TANI|@} ; skipping...
	No ISO or WALS codes for language  PROTO_EASTERN_HMONG{HM.HMONG-MIEN|@} ; skipping...
	No ISO or WALS codes for language  PROTO_HMONG{HM.HMONG-MIEN|@} ; skipping...
	No ISO or WALS codes for language  PROTO_HMONG_MIEN{HM.HMONG-MIEN|@} ; skipping...
	No ISO or WALS codes for language  PROTO_IU_MIEN{HM.HMONG-MIEN|@} ; skipping...
	No ISO or WALS codes for language  PROTO_KIM_MUN{HM.HMONG-MIEN|@} ; skipping...
	No ISO or WALS codes for language  PROTO_MIEN{HM.HMONG-MIEN|@} ; skipping...
	No ISO or WALS codes for language  PROTO_WEST_A_HMONG{HM.HMONG-MIEN|@} ; skipping...
	No ISO or WALS codes for language  PROTO_WESTERN_HMONG{HM.HMONG-MIEN|@} ; skipping...
	No ISO or WALS codes for language  PROTO_HLAI{TK.HLAI|Tai-Kadai,Hlai@} ; skipping...
	No ISO or WALS codes for language  PROTO_HLAI_2{TK.HLAI|Tai-Kadai,Hlai@} ; skipping...
	No ISO or WALS codes for language  PROTO_LI{TK.HLAI|Tai-Kadai,Hlai@} ; skipping...
	No ISO or WALS codes for language  PROTO_KADAI{TK.KADAI|@} ; skipping...
	No ISO or WALS codes for language  PROTO_KRA{TK.KADAI|Tai-Kadai,Kadai@} ; skipping...
	No ISO or WALS codes for language  PROTO_KAM_SUI{TK.KAM-TAI|Tai-Kadai,Kam-Tai,Kam-Sui@} ; skipping...
	No ISO or WALS codes for language  PROTO_KAM_SUI_2{TK.KAM-TAI|Tai-Kadai,Kam-Tai,Kam-Sui@} ; skipping...
	No ISO or WALS codes for language  PROTO_LAKKJA{TK.KAM-TAI|Tai-Kadai,Kam-Tai,Kam-Sui,Lakkja@} ; skipping...
	No ISO or WALS codes for language  PROTO_SOUTHERNWESTERN_TAI{TK.KAM-TAI|Tai-Kadai,Kam-Tai,Be-Tai,Tai-Sek,Tai,Southwestern@} ; skipping...
	No ISO or WALS codes for language  PROTO_TAI{TK.KAM-TAI|Tai-Kadai,Kam-Tai,Be-Tai,Tai-Sek,Tai@} ; skipping...
	No ISO or WALS codes for language  PROTO_ZHUANG_TAI{TK.KAM-TAI|Tai-Kadai,Kam-Tai,Be-Tai,Tai-Sek,Tai@} ; skipping...
	No ISO or WALS codes for language  PROTO_MNONG{AuA.BAHNARIC|@} ; skipping...
	No ISO or WALS codes for language  PROTO_SOUTH_BAHNARIC{AuA.BAHNARIC|@} ; skipping...
	No ISO or WALS codes for language  PROTO_WEST_BAHNARIC{AuA.BAHNARIC|@} ; skipping...
	No ISO or WALS codes for language  PROTO_EAST_KATUIC{AuA.KATUIC|@} ; skipping...
	No ISO or WALS codes for language  PROTO_MON_KHMER{AuA.MON-KHMER|Austro-Asiatic,Mon-Khmer@} ; skipping...
	No ISO or WALS codes for language  PROTO_VIET_MUONG{AuA.VIET-MUONG|@} ; skipping...
	No ISO or WALS codes for language  PROTO_ONGAN{SAn.SOUTH_ANDAMANESE|@} ; skipping...
	No ISO or WALS codes for language  PROTO_AUSTRO_THAI{AuT.AUSTRO-THAI|@} ; skipping...
	No ISO or WALS codes for language  PROTO_ATAYALIC{An.ATAYALIC|@} ; skipping...
	No ISO or WALS codes for language  PROTO_AUSTRONESIAN{An.AUSTRONESIAN|@} ; skipping...
	No ISO or WALS codes for language  PROTO_AUSTRONESIAN_2{An.AUSTRONESIAN|@} ; skipping...
	No ISO or WALS codes for language  PROTO_AUSTRONESIAN_3{An.AUSTRONESIAN|@} ; skipping...
	No ISO or WALS codes for language  PROTO_AUSTRONESIAN_4{An.AUSTRONESIAN|@} ; skipping...
	No ISO or WALS codes for language  PROTO_AUSTRONESIAN_5{An.AUSTRONESIAN|@} ; skipping...
	No ISO or WALS codes for language  PROTO_CENTRAL_EASTERN_MALAYO_POLYNESIAN{An.AUSTRONESIAN|@} ; skipping...
	No ISO or WALS codes for language  PROTO_MALAYO_POLYNESIAN{An.AUSTRONESIAN|@} ; skipping...
	No ISO or WALS codes for language  PROTO_MALAYO_POLYNESIAN_2{An.AUSTRONESIAN|@} ; skipping...
	No ISO or WALS codes for language  PROTO_MALAYO_POLYNESIAN_3{An.AUSTRONESIAN|@} ; skipping...
	No ISO or WALS codes for language  PROTO_PHILIPPINE{An.AUSTRONESIAN|@} ; skipping...
	No ISO or WALS codes for language  PROTO_PHILIPPINE_2{An.AUSTRONESIAN|Austronesian,Malayo-Polynesian,Philippine@} ; skipping...
	No ISO or WALS codes for language  PROTO_CENTRAL_MALAYO_POLYNESIAN{An.CENTRAL_MALAYO-POLYNESIAN|@} ; skipping...
	No ISO or WALS codes for language  PROTO_CENTRAL_MALAYO_POLYNESIAN_2{An.CENTRAL_MALAYO-POLYNESIAN|Austronesian,Malayo-Polynesian,Central-Eastern,CentralMalayo-Polynesian@} ; skipping...
	No ISO or WALS codes for language  PROTO_SUMBA_HAWU{An.CENTRAL_MALAYO-POLYNESIAN|Austronesian,Malayo-Polynesian,Central-EasternMalayo-Polynesian,Sumba-Hawu,Sumba@} ; skipping...
	No ISO or WALS codes for language  OLD_OR_MIDDLE_JAVANESE{An.JAVANESE|Austronesian,Malayo-Polynesian,Javanese@Austronesian,NuclearAustronesian,Malayo-Polynesian,Javanesic} ; skipping...
	No ISO or WALS codes for language  PROTO_LAMPUNG{An.LAMPUNGIC|@} ; skipping...
	No ISO or WALS codes for language  PROTO_CHAMIC{An.MALAYIC|Austronesian,Malayo-Polynesian,Malayo-Sumbawan,NorthandEast,Chamic@} ; skipping...
	No ISO or WALS codes for language  PROTO_CHAMIC_2{An.MALAYIC|Austronesian,Malayo-Polynesian,Malayo-Sumbawan,NorthandEast,Chamic@} ; skipping...
	No ISO or WALS codes for language  PROTO_MALAYIC{An.MALAYIC|Austronesian,Malayo-Polynesian,Malayo-Sumbawan,NorthandEast,Malayic@} ; skipping...
	No ISO or WALS codes for language  PROTO_BISAYAN{An.MESO-PHILIPPINE|Austronesian,Malayo-Polynesian,Philippine,GreaterCentralPhilippine,CentralPhilippine,Bisayan@} ; skipping...
	No ISO or WALS codes for language  PROTO_EAST_MINDANO{An.MESO-PHILIPPINE|Austronesian,Malayo-Polynesian,Philippine@} ; skipping...
	No ISO or WALS codes for language  PROTO_PALAWAN{An.MESO-PHILIPPINE|Austronesian,Malayo-Polynesian,Philippine,GreaterCentralPhilippine,Palawanic@} ; skipping...
	No ISO or WALS codes for language  PROTO_SOUTH_EAST_MINDANAO{An.MESO-PHILIPPINE|@} ; skipping...
	No ISO or WALS codes for language  NATI{An.OCEANIC|Austronesian,Malayo-Polynesian,Central-EasternMalayo-Polynesian,EasternMalayo-Polynesian,Oceanic,Central-EasternOceanic,RemoteOceanic,NorthandCentralVanuatu,NortheastVanuatu-BanksIslands,MalekulaCoastal@Austronesian,NuclearAustronesian,Malayo-Polynesian,Central-EasternMalayo-Polynesian,EasternMalayo-Polynesian,Oceanic,NorthandCentralVanuatu,CentralVanuatu,Malakula,PeripheralWesternMalakula,SouthwestCoastalMalekula,Navahaq-Nati} ; skipping...
	No ISO or WALS codes for language  NESE{An.OCEANIC|Austronesian,Malayo-Polynesian,Central-EasternMalayo-Polynesian,EasternMalayo-Polynesian,Oceanic,Central-EasternOceanic,RemoteOceanic,NorthandCentralVanuatu,NortheastVanuatu-BanksIslands,MalekulaCoastal@Austronesian,NuclearAustronesian,Malayo-Polynesian,Central-EasternMalayo-Polynesian,EasternMalayo-Polynesian,Oceanic,NorthandCentralVanuatu,CentralVanuatu,Malakula,EasternMalakulalinkage,NorthernMalakula,NorthCoastMalakula} ; skipping...
	No ISO or WALS codes for language  ORKON{An.OCEANIC|Austronesian,Malayo-Polynesian,Central-EasternMalayo-Polynesian,EasternMalayo-Polynesian,Oceanic,Central-EasternOceanic,RemoteOceanic,NorthandCentralVanuatu,NortheastVanuatu-BanksIslands@Austronesian,NuclearAustronesian,Malayo-Polynesian,Central-EasternMalayo-Polynesian,EasternMalayo-Polynesian,Oceanic,NorthandCentralVanuatu,CentralVanuatu,Ambrym} ; skipping...
	No ISO or WALS codes for language  PROTO_CENTRAL_PACIFIC{An.OCEANIC|Austronesian,Malayo-Polynesian,Central-Eastern,EasternMalayo-Polynesian,Oceanic,Central-EasternOceanic,RemoteOceanic,CentralPacific@} ; skipping...
	No ISO or WALS codes for language  PROTO_MICRONESIAN{An.OCEANIC|@} ; skipping...
	No ISO or WALS codes for language  PROTO_OCEANIC{An.OCEANIC|@} ; skipping...
	No ISO or WALS codes for language  PROTO_OCEANIC_2{An.OCEANIC|@} ; skipping...
	No ISO or WALS codes for language  PROTO_OCEANIC_3{An.OCEANIC|@} ; skipping...
	No ISO or WALS codes for language  PROTO_POLYNESIAN{An.OCEANIC|@} ; skipping...
	No ISO or WALS codes for language  PROTO_POLYNESIAN_2{An.OCEANIC|Austronesian,Malayo-Polynesian,Central-Eastern,EasternMalayo-Polynesian,Oceanic,Central-EasternOceanic,RemoteOceanic,CentralPacific,EastFijian-Polynesian,Polynesian@} ; skipping...
	No ISO or WALS codes for language  PROTO_TRUKIC{An.OCEANIC|@} ; skipping...
	No ISO or WALS codes for language  PROTO_TRUKIC_2{An.OCEANIC|@} ; skipping...
	No ISO or WALS codes for language  TAHITIAN_18TH_CENTURY{An.OCEANIC|Austronesian,Malayo-Polynesian,Central-EasternMalayo-Polynesian,EasternMalayo-Polynesian,Oceanic,Central-EasternOceanic,RemoteOceanic,CentralPacific,EastFijian-Polynesian,Polynesian,Nuclear,East,Central,Tahitic@Austronesian,NuclearAustronesian,Malayo-Polynesian,Central-EasternMalayo-Polynesian,EasternMalayo-Polynesian,Oceanic,CentralPacificlinkage,Tokelau-Fijian,Polynesian,NuclearPolynesian,Ellicean,EasternPolynesian,CentralEasternPolynesian,Tahitic} ; skipping...
	No ISO or WALS codes for language  TAPE{An.OCEANIC|Austronesian,Malayo-Polynesian,Central-EasternMalayo-Polynesian,EasternMalayo-Polynesian,Oceanic,Central-EasternOceanic,RemoteOceanic,NorthandCentralVanuatu,NortheastVanuatu-BanksIslands,MalekulaCoastal@Austronesian,NuclearAustronesian,Malayo-Polynesian,Central-EasternMalayo-Polynesian,EasternMalayo-Polynesian,Oceanic,NorthandCentralVanuatu,CentralVanuatu,Malakula} ; skipping...
	No ISO or WALS codes for language  PROTO_PUYUMA{An.PAIWANIC|Austronesian,Puyuma@} ; skipping...
	No ISO or WALS codes for language  PROTO_SOUTHERN_MINDANAO{An.SOUTH_MINDANAO|@} ; skipping...
	No ISO or WALS codes for language  PROTO_MANOBO{An.SOUTHERN_PHILIPPINES|Austronesian,Malayo-Polynesian,Philippine,GreaterCentralPhilippine,Manobo@} ; skipping...
	No ISO or WALS codes for language  PROTO_BUNGKU_TOLAKI{An.SULAWESI|@} ; skipping...
	No ISO or WALS codes for language  PROTO_MINAHASAN{An.SULAWESI|@} ; skipping...
	No ISO or WALS codes for language  PROTO_SANGIRIC{An.SULAWESI|@} ; skipping...
	No ISO or WALS codes for language  PROTO_SEKO{An.SULAWESI|Austronesian,Malayo-Polynesian,SouthSulawesi,Seko@} ; skipping...
	No ISO or WALS codes for language  PROTO_SOUTH_SULAWESI{An.SULAWESI|@} ; skipping...
	No ISO or WALS codes for language  PROTO_RUKAI{An.TSOUIC|Austronesian,Rukai@} ; skipping...
	No ISO or WALS codes for language  PROTO_TSOUIC{An.TSOUIC|Austronesian,Tsouic@} ; skipping...
	No ISO or WALS codes for language  KAWA{TAP.GREATER_ALOR|Trans-NewGuinea,West,Timor-Alor-Pantar@Alor-Pantar} ; skipping...
	No ISO or WALS codes for language  PROTO_ALOR_PANTAR{TAP.GREATER_ALOR|@} ; skipping...
	No ISO or WALS codes for language  SAR_INDONESIA{TAP.GREATER_ALOR|Trans-NewGuinea,West,Timor-Alor-Pantar,Alor-Pantar@Alor-Pantar} ; skipping...
	No ISO or WALS codes for language  PROTO_ASMAT{TNG.ASMAT-KAMORO|@} ; skipping...
	No ISO or WALS codes for language  PROTO_KOIARIAN{TNG.KOIARIAN|Trans-NewGuinea,SoutheastPapuan,Koiarian@} ; skipping...
	No ISO or WALS codes for language  PROTO_TRANS_NEW_GUINEA{TNG.TRANS-NEW_GUINEA|@} ; skipping...
	No ISO or WALS codes for language  BARRANBIYA{Aus.PAMA-NYUNGAN|Australian,Pama-Nyungan@Pama-Nyungan,SoutheasternPama-Nyungan,NewSouthWalesPama-Nyungan,Muruwaric} ; skipping...
	No ISO or WALS codes for language  BIGAMBAL{Aus.PAMA-NYUNGAN|Australian,Pama-Nyungan@Pama-Nyungan,Yugambalic,Yugambal-Bigambal} ; skipping...
	No ISO or WALS codes for language  BIRRDHAWAL{Aus.PAMA-NYUNGAN|Australian,Pama-Nyungan@Pama-Nyungan} ; skipping...
	No ISO or WALS codes for language  CAMBERRA_LANGUAGE{Aus.PAMA-NYUNGAN|Australian,Pama-Nyungan@Pama-Nyungan} ; skipping...
	No ISO or WALS codes for language  DARKINYUNG{Aus.PAMA-NYUNGAN|Australian,Pama-Nyungan@Pama-Nyungan} ; skipping...
	No ISO or WALS codes for language  DHUDHUROA{Aus.PAMA-NYUNGAN|Australian,Pama-Nyungan@Pama-Nyungan,SoutheasternPama-Nyungan,VictorianPama-Nyungan,EasternVictoria,Dhudhuroa-Pallanganmiddang} ; skipping...
	No ISO or WALS codes for language  GANDANGARA{Aus.PAMA-NYUNGAN|Australian,Pama-Nyungan@Pama-Nyungan} ; skipping...
	No ISO or WALS codes for language  GUNYA_GUWAMU{Aus.PAMA-NYUNGAN|Australian,Pama-Nyungan,Maric@Pama-Nyungan} ; skipping...
	No ISO or WALS codes for language  GUYAMBAL{Aus.PAMA-NYUNGAN|Australian,Pama-Nyungan@Pama-Nyungan,Yugambalic} ; skipping...
	No ISO or WALS codes for language  JIRINGAYN{Aus.PAMA-NYUNGAN|Australian,Pama-Nyungan@Pama-Nyungan} ; skipping...
	No ISO or WALS codes for language  KERAMIN{Aus.PAMA-NYUNGAN|Australian,Pama-Nyungan@Pama-Nyungan} ; skipping...
	No ISO or WALS codes for language  MADHI_MADHI{Aus.PAMA-NYUNGAN|Australian,Pama-Nyungan@Pama-Nyungan} ; skipping...
	No ISO or WALS codes for language  NGARIGU{Aus.PAMA-NYUNGAN|Australian,Pama-Nyungan@Pama-Nyungan} ; skipping...
	No ISO or WALS codes for language  OMEO{Aus.PAMA-NYUNGAN|Australian,Pama-Nyungan@Pama-Nyungan} ; skipping...
	No ISO or WALS codes for language  PALLANGANMIDDANG{Aus.PAMA-NYUNGAN|Australian,Pama-Nyungan@Pama-Nyungan,SoutheasternPama-Nyungan,VictorianPama-Nyungan,EasternVictoria,Dhudhuroa-Pallanganmiddang} ; skipping...
	No ISO or WALS codes for language  SYDNEY{Aus.PAMA-NYUNGAN|Australian,Pama-Nyungan@Pama-Nyungan,SoutheasternPama-Nyungan,NewSouthWalesPama-Nyungan,Yuin-Kuri,Kuri,Sydney-Hawkesbury} ; skipping...
	No ISO or WALS codes for language  THAWA{Aus.PAMA-NYUNGAN|Australian,Pama-Nyungan@Pama-Nyungan} ; skipping...
	No ISO or WALS codes for language  WEMBA_WEMBA{Aus.PAMA-NYUNGAN|Australian,Pama-Nyungan@Pama-Nyungan} ; skipping...
	No ISO or WALS codes for language  YITHA_YITHA{Aus.PAMA-NYUNGAN|Australian,Pama-Nyungan@Pama-Nyungan} ; skipping...
	No ISO or WALS codes for language  PROTO_ESKIMO_ALEUT{EA.EA|@} ; skipping...
	No ISO or WALS codes for language  PROTO_ESKIMOAN{EA.ESKIMO|Eskimo-Aleut,Eskimo@} ; skipping...
	No ISO or WALS codes for language  PROTO_ALGIC{Alg.ALGIC|@} ; skipping...
	No ISO or WALS codes for language  PROTO_IROQUOIAN{Iro.IROQUOIAN|@} ; skipping...
	No ISO or WALS codes for language  PROTO_NORTHERN_IROQUOIAN{Iro.NORTHERN_IROQUOIAN|Iroquoian,NorthernIroquoian@} ; skipping...
	No ISO or WALS codes for language  PROTO_MUSKOGEAN{Mus.MUSKOGEAN|@} ; skipping...
	No ISO or WALS codes for language  PROTO_SIOUAN{Sio.SIOUAN|@} ; skipping...
	No ISO or WALS codes for language  PROTO_UTO_AZTECAN{UA.UA|@} ; skipping...
	No ISO or WALS codes for language  NAHUATL_ACAXOCHITLAN{UA.AZTECAN|Uto-Aztecan,SouthernUto-Aztecan,Corachol-Aztecan,CoreNahua,Nahuatl@Uto-Aztecan,SouthernUto-Aztecan,Corachol-Aztecan,Aztec,WesternNahuatl} ; skipping...
	No ISO or WALS codes for language  NAHUATL_AMILCINGO_ZACUALPAN{UA.AZTECAN|Uto-Aztecan,SouthernUto-Aztecan,Corachol-Aztecan,CoreNahua,Nahuatl@Uto-Aztecan,SouthernUto-Aztecan,Corachol-Aztecan,Aztec,WesternNahuatl} ; skipping...
	No ISO or WALS codes for language  NAHUATL_AXOCHIAPAN{UA.AZTECAN|Uto-Aztecan,SouthernUto-Aztecan,Corachol-Aztecan,CoreNahua,Nahuatl@Uto-Aztecan,SouthernUto-Aztecan,Corachol-Aztecan,Aztec,WesternNahuatl} ; skipping...
	No ISO or WALS codes for language  NAHUATL_AYOTOXCO{UA.AZTECAN|Uto-Aztecan,SouthernUto-Aztecan,Corachol-Aztecan,CoreNahua,Nahuatl@Uto-Aztecan,SouthernUto-Aztecan,Corachol-Aztecan,Aztec,EasternNahuatl} ; skipping...
	No ISO or WALS codes for language  NAHUATL_CHICHIQUILA{UA.AZTECAN|Uto-Aztecan,SouthernUto-Aztecan,Corachol-Aztecan,CoreNahua,Nahuatl@Uto-Aztecan,SouthernUto-Aztecan,Corachol-Aztecan,Aztec,EasternNahuatl} ; skipping...
	No ISO or WALS codes for language  NAHUATL_CHIGNAUTLA{UA.AZTECAN|Uto-Aztecan,SouthernUto-Aztecan,Corachol-Aztecan,CoreNahua,Nahuatl@Uto-Aztecan,SouthernUto-Aztecan,Corachol-Aztecan,Aztec,EasternNahuatl} ; skipping...
	No ISO or WALS codes for language  NAHUATL_CHILOCOYO_HUEHUETLA{UA.AZTECAN|Uto-Aztecan,SouthernUto-Aztecan,Corachol-Aztecan,CoreNahua,Nahuatl@Uto-Aztecan,SouthernUto-Aztecan,Corachol-Aztecan,Aztec,EasternNahuatl} ; skipping...
	No ISO or WALS codes for language  NAHUATL_CHINANCAHUATL_ZACUALTIPAN{UA.AZTECAN|Uto-Aztecan,SouthernUto-Aztecan,Corachol-Aztecan,CoreNahua,Nahuatl@Uto-Aztecan,SouthernUto-Aztecan,Corachol-Aztecan,Aztec,EasternNahuatl} ; skipping...
	No ISO or WALS codes for language  NAHUATL_COYOTEPEC{UA.AZTECAN|Uto-Aztecan,SouthernUto-Aztecan,Corachol-Aztecan,CoreNahua,Nahuatl@Uto-Aztecan,SouthernUto-Aztecan,Corachol-Aztecan,Aztec,WesternNahuatl} ; skipping...
	No ISO or WALS codes for language  NAHUATL_CUAMELC0_TIANGUISTENGO{UA.AZTECAN|Uto-Aztecan,SouthernUto-Aztecan,Corachol-Aztecan,CoreNahua,Nahuatl@Uto-Aztecan,SouthernUto-Aztecan,Corachol-Aztecan,Aztec,EasternNahuatl} ; skipping...
	No ISO or WALS codes for language  NAHUATL_CUATLAMAYAN_ANTONIO_SANTOS{UA.AZTECAN|Uto-Aztecan,SouthernUto-Aztecan,Corachol-Aztecan,CoreNahua,Nahuatl@Uto-Aztecan,SouthernUto-Aztecan,Corachol-Aztecan,Aztec,EasternNahuatl} ; skipping...
	No ISO or WALS codes for language  NAHUATL_HUEYAPAN_TETELA_DEL_VOLCAN{UA.AZTECAN|Uto-Aztecan,SouthernUto-Aztecan,Corachol-Aztecan,CoreNahua,Nahuatl@Uto-Aztecan,SouthernUto-Aztecan,Corachol-Aztecan,Aztec,WesternNahuatl} ; skipping...
	No ISO or WALS codes for language  NAHUATL_HUEYATI_YAHUALICA{UA.AZTECAN|Uto-Aztecan,SouthernUto-Aztecan,Corachol-Aztecan,CoreNahua,Nahuatl@Uto-Aztecan,SouthernUto-Aztecan,Corachol-Aztecan,Aztec,EasternNahuatl,HuastecaNahuatl} ; skipping...
	No ISO or WALS codes for language  NAHUATL_IXHUATLAN_DE_MADERO{UA.AZTECAN|Uto-Aztecan,SouthernUto-Aztecan,Corachol-Aztecan,CoreNahua,Nahuatl@Uto-Aztecan,SouthernUto-Aztecan,Corachol-Aztecan,Aztec,EasternNahuatl,HuastecaNahuatl} ; skipping...
	No ISO or WALS codes for language  NAHUATL_IXTACAMAXTITLAN{UA.AZTECAN|Uto-Aztecan,SouthernUto-Aztecan,Corachol-Aztecan,CoreNahua,Nahuatl@Uto-Aztecan,SouthernUto-Aztecan,Corachol-Aztecan,Aztec,EasternNahuatl} ; skipping...
	No ISO or WALS codes for language  NAHUATL_JALATLACO{UA.AZTECAN|Uto-Aztecan,SouthernUto-Aztecan,Corachol-Aztecan,CoreNahua,Nahuatl@Uto-Aztecan,SouthernUto-Aztecan,Corachol-Aztecan,Aztec,EasternNahuatl,Tehuacan-ZongolicaNahuatl,Tehuacanic} ; skipping...
	No ISO or WALS codes for language  NAHUATL_JICOCINGO_ZACATLAN{UA.AZTECAN|Uto-Aztecan,SouthernUto-Aztecan,Corachol-Aztecan,CoreNahua,Nahuatl@Uto-Aztecan,SouthernUto-Aztecan,Corachol-Aztecan,Aztec,EasternNahuatl,Tehuacan-ZongolicaNahuatl,Tehuacanic} ; skipping...
	No ISO or WALS codes for language  NAHUATL_LA_REFORMA_TEPEHUACAN_DE_GUERRERO{UA.AZTECAN|Uto-Aztecan,SouthernUto-Aztecan,Corachol-Aztecan,CoreNahua,Nahuatl@Uto-Aztecan,SouthernUto-Aztecan,Corachol-Aztecan,Aztec,EasternNahuatl,HuastecaNahuatl} ; skipping...
	No ISO or WALS codes for language  NAHUATL_LAS_BALSAS{UA.AZTECAN|Uto-Aztecan,SouthernUto-Aztecan,Corachol-Aztecan,CoreNahua,Nahuatl@Uto-Aztecan,SouthernUto-Aztecan,Corachol-Aztecan,Aztec,EasternNahuatl} ; skipping...
	No ISO or WALS codes for language  NAHUATL_MONTEGRANDE_PLATON_SANCHEZ{UA.AZTECAN|Uto-Aztecan,SouthernUto-Aztecan,Corachol-Aztecan,CoreNahua,Nahuatl@Uto-Aztecan,SouthernUto-Aztecan,Corachol-Aztecan,Aztec,EasternNahuatl} ; skipping...
	No ISO or WALS codes for language  NAHUATL_QUETZALAPA_AZOYU{UA.AZTECAN|Uto-Aztecan,SouthernUto-Aztecan,Corachol-Aztecan,CoreNahua,Nahuatl@Uto-Aztecan,SouthernUto-Aztecan,Corachol-Aztecan,Aztec,WesternNahuatl,WesternPeriphery-NorthGuerreroNahuatl} ; skipping...
	No ISO or WALS codes for language  NAHUATL_REYES_DE_VALLARTA_TUZAMAPAN{UA.AZTECAN|Uto-Aztecan,SouthernUto-Aztecan,Corachol-Aztecan,CoreNahua,Nahuatl@Uto-Aztecan,SouthernUto-Aztecan,Corachol-Aztecan,Aztec,EasternNahuatl} ; skipping...
	No ISO or WALS codes for language  NAHUATL_SAN_FRANCISCO_TLALNEPANTLA{UA.AZTECAN|Uto-Aztecan,SouthernUto-Aztecan,Corachol-Aztecan,CoreNahua,Nahuatl@Uto-Aztecan,SouthernUto-Aztecan,Corachol-Aztecan,Aztec,WesternNahuatl,CentralNahuatl} ; skipping...
	No ISO or WALS codes for language  NAHUATL_SAN_JERONINO_AMANALCO{UA.AZTECAN|Uto-Aztecan,SouthernUto-Aztecan,Corachol-Aztecan,CoreNahua,Nahuatl@Uto-Aztecan,SouthernUto-Aztecan,Corachol-Aztecan,Aztec,WesternNahuatl} ; skipping...
	No ISO or WALS codes for language  NAHUATL_SAN_PEDRO_JICORA{UA.AZTECAN|Uto-Aztecan,SouthernUto-Aztecan,Corachol-Aztecan,CoreNahua,Nahuatl@Uto-Aztecan,SouthernUto-Aztecan,Corachol-Aztecan,Aztec,WesternNahuatl,WesternPeriphery-NorthGuerreroNahuatl,WesternPeripheryNahuatl,DurangoNahuatl} ; skipping...
	No ISO or WALS codes for language  NAHUATL_SANTA_ANA_TLACOTENCO{UA.AZTECAN|Uto-Aztecan,SouthernUto-Aztecan,Corachol-Aztecan,CoreNahua,Nahuatl@Uto-Aztecan,SouthernUto-Aztecan,Corachol-Aztecan,Aztec,EasternNahuatl,Tehuacan-ZongolicaNahuatl,Tehuacanic} ; skipping...
	No ISO or WALS codes for language  NAHUATL_SANTA_MARIA_TEOPOXCO{UA.AZTECAN|Uto-Aztecan,SouthernUto-Aztecan,Corachol-Aztecan,CoreNahua,Nahuatl@Uto-Aztecan,SouthernUto-Aztecan,Corachol-Aztecan,Aztec,EasternNahuatl} ; skipping...
	No ISO or WALS codes for language  NAHUATL_TLALNEPANTLA_TAMAZUNCHALE{UA.AZTECAN|Uto-Aztecan,SouthernUto-Aztecan,Corachol-Aztecan,CoreNahua,Nahuatl@Uto-Aztecan,SouthernUto-Aztecan,Corachol-Aztecan,Aztec,EasternNahuatl,HuastecaNahuatl} ; skipping...
	No ISO or WALS codes for language  NAHUATL_XAALITLA_TEPECUAUILCO{UA.AZTECAN|Uto-Aztecan,SouthernUto-Aztecan,Corachol-Aztecan,CoreNahua,Nahuatl@Uto-Aztecan,SouthernUto-Aztecan,Corachol-Aztecan,Aztec,EasternNahuatl} ; skipping...
	No ISO or WALS codes for language  NAHUATL_XALATZALA_TLAPA{UA.AZTECAN|Uto-Aztecan,SouthernUto-Aztecan,Corachol-Aztecan,CoreNahua,Nahuatl@Uto-Aztecan,SouthernUto-Aztecan,Corachol-Aztecan,Aztec,WesternNahuatl,WesternPeriphery-NorthGuerreroNahuatl} ; skipping...
	No ISO or WALS codes for language  NAHUATL_XALPATLAHUAC{UA.AZTECAN|Uto-Aztecan,SouthernUto-Aztecan,Corachol-Aztecan,CoreNahua,Nahuatl@Uto-Aztecan,SouthernUto-Aztecan,Corachol-Aztecan,Aztec,WesternNahuatl,WesternPeriphery-NorthGuerreroNahuatl} ; skipping...
	No ISO or WALS codes for language  NAHUATL_XILITLA{UA.AZTECAN|Uto-Aztecan,SouthernUto-Aztecan,Corachol-Aztecan,CoreNahua,Nahuatl@Uto-Aztecan,SouthernUto-Aztecan,Corachol-Aztecan,Aztec,EasternNahuatl,HuastecaNahuatl} ; skipping...
	No ISO or WALS codes for language  NAHUATL_XOCHIATIPAN{UA.AZTECAN|Uto-Aztecan,SouthernUto-Aztecan,Corachol-Aztecan,CoreNahua,Nahuatl@Uto-Aztecan,SouthernUto-Aztecan,Corachol-Aztecan,Aztec,EasternNahuatl} ; skipping...
	No ISO or WALS codes for language  NAHUATL_XOXOCOTLA_PUENTE_DE_IXTLA{UA.AZTECAN|Uto-Aztecan,SouthernUto-Aztecan,Corachol-Aztecan,CoreNahua,Nahuatl@Uto-Aztecan,SouthernUto-Aztecan,Corachol-Aztecan,Aztec,WesternNahuatl} ; skipping...
	No ISO or WALS codes for language  NAHUATL_ZAHUASTIPAN_SAN_AUGUSTIN_METZQUITITLAN{UA.AZTECAN|Uto-Aztecan,SouthernUto-Aztecan,Corachol-Aztecan,CoreNahua,Nahuatl@Uto-Aztecan,SouthernUto-Aztecan,Corachol-Aztecan,Aztec,EasternNahuatl} ; skipping...
	No ISO or WALS codes for language  PROTO_TEPIMAN{UA.TEPIMAN|@} ; skipping...
	No ISO or WALS codes for language  PROTO_WAKASHAN{Wak.WAKASHAN|@} ; skipping...
	No ISO or WALS codes for language  PROTO_SALISHAN{Sal.SALISHAN|@} ; skipping...
	No ISO or WALS codes for language  PROTO_MAIDUAN{Pen.MAIDUAN|@} ; skipping...
	No ISO or WALS codes for language  PROTO_SAHAPTIAN{Pen.SAHAPTIAN|@} ; skipping...
	No ISO or WALS codes for language  PROTO_WINTUN{Pen.WINTUAN|@} ; skipping...
	No ISO or WALS codes for language  PROTO_KALAPUYA{Kal.KALAPUYAN|@} ; skipping...
	No ISO or WALS codes for language  PROTO_YUMAN{Hok.YUMAN|@} ; skipping...
	No ISO or WALS codes for language  PROTO_CHUMASHAN{Chu.CHUMASH|@} ; skipping...
	No ISO or WALS codes for language  PROTO_OTO_MANGUEAN{OM.OM|Otomanguean@} ; skipping...
	No ISO or WALS codes for language  PROTO_MAZATEC{OM.POPOLOCAN|@} ; skipping...
	No ISO or WALS codes for language  PROTO_POPOTECAN{OM.POPOTECAN|@} ; skipping...
	No ISO or WALS codes for language  PROTO_CHATINO{OM.ZAPOTECAN|Otomanguean,Zapotecan,Chatino@} ; skipping...
	No ISO or WALS codes for language  PROTO_ZAPOTECAN{OM.ZAPOTECAN|Otomanguean,Zapotecan@} ; skipping...
	No ISO or WALS codes for language  ZAPOTEC_1578{OM.ZAPOTECAN|Otomanguean,EasternOtomanguean,Popolocan-Zapotecan,Zapotecan,Zapotec@Otomanguean,EasternOtomanguean,Popoloca-Zapotecan,Zapotecan,Zapotec} ; skipping...
	No ISO or WALS codes for language  PROTO_TOTO_ZOQUEAN{TZ.TZ|@} ; skipping...
	No ISO or WALS codes for language  PROTO_TOTONACAN{Tot.TOTONACAN|@} ; skipping...
	No ISO or WALS codes for language  TOTONAC_COATEPEC{Tot.TOTONACAN|Totonacan,Totonac@Totonacan,Totonac} ; skipping...
	No ISO or WALS codes for language  TOTONAC_OLINTLA{Tot.TOTONACAN|Totonacan,Totonac@Totonacan,Totonac} ; skipping...
	No ISO or WALS codes for language  TOTONAC_OZELONACAXTLA{Tot.TOTONACAN|Totonacan,Totonac@Totonacan,Totonac,CentralTotonacan,Lowland-SierraCentralTotonacan,LowlandCentralTotonacan} ; skipping...
	No ISO or WALS codes for language  TOTONAC_TEJERIA{Tot.TOTONACAN|Totonacan,Totonac@Totonacan,Totonac} ; skipping...
	No ISO or WALS codes for language  PROTO_MIXE_ZOQUE{MZ.MIXE-ZOQUE|@} ; skipping...
	No ISO or WALS codes for language  ULTERIOR_MIXE_C{MZ.MIXE-ZOQUE|Mixe-Zoquean,Mixean,OaxacaMixean@Mixe-Zoque,Mixe,OaxacaMixe} ; skipping...
	No ISO or WALS codes for language  PROTO_HUAVEAN{Hua.HUAVEAN|@} ; skipping...
	No ISO or WALS codes for language  PROTO_CHOLAN{May.MAYAN|@} ; skipping...
	No ISO or WALS codes for language  PROTO_GREATER_QANJOBALAN{May.MAYAN|@} ; skipping...
	No ISO or WALS codes for language  PROTO_GREATER_QUICHEAN{May.MAYAN|@} ; skipping...
	No ISO or WALS codes for language  PROTO_GREATER_TZELTALAN{May.MAYAN|@} ; skipping...
	No ISO or WALS codes for language  PROTO_HUASTECAN{May.MAYAN|@} ; skipping...
	No ISO or WALS codes for language  PROTO_MAMEAN{May.MAYAN|@} ; skipping...
	No ISO or WALS codes for language  PROTO_MAYA{May.MAYAN|@} ; skipping...
	No ISO or WALS codes for language  PROTO_MAYAN{May.MAYAN|@} ; skipping...
	No ISO or WALS codes for language  PROTO_TZELTALAN{May.MAYAN|@} ; skipping...
	No ISO or WALS codes for language  PROTO_YUCATECAN_MAYAN{May.MAYAN|@} ; skipping...
	No ISO or WALS codes for language  TZOTZIL_ZINACANTAN_1600{May.MAYAN|Mayan,Yucatecan-CoreMayan,CoreMayan,Cholan-Tzeltalan,Tzeltalan,Tzotzil@Mayan,Yucatecan-CoreMayan,CoreMayan,Cholan-Tzeltalan,Tzeltalan} ; skipping...
	No ISO or WALS codes for language  PROTO_CHIBCHAN{Chi.CHIBCHAN|@} ; skipping...
	No ISO or WALS codes for language  PROTO_GUAHIBAN{Gua.GUAHIBAN|@} ; skipping...
	No ISO or WALS codes for language  PROTO_TUCANOAN{Tuc.TUCANOAN|@} ; skipping...
	No ISO or WALS codes for language  PROTO_WITOTO_OCAINA{Hui.HUITOTO|Witotoan,Witoto@} ; skipping...
	No ISO or WALS codes for language  PROTO_BORAN{Hui.BORAN|Witotoan,Boran@} ; skipping...
	No ISO or WALS codes for language  PROTO_JIVAROAN{Jiv.JIVAROAN|@} ; skipping...
	No ISO or WALS codes for language  PROTO_KAWAPANAN{Cah.CAHUAPANAN|@} ; skipping...
	No ISO or WALS codes for language  PROTO_PANO_TACANAN{PT.PANO-TACANAN|@} ; skipping...
	No ISO or WALS codes for language  PROTO_PANO{Pan.PANOAN|@} ; skipping...
	No ISO or WALS codes for language  PROTO_QUECHUA{Que.QUECHUAN|@} ; skipping...
	No ISO or WALS codes for language  PROTO_AYMARAN{Aym.AYMARAN|@} ; skipping...
	No ISO or WALS codes for language  PROTO_EASTERN_MAKU{Nad.NADAHUP|@} ; skipping...
	No ISO or WALS codes for language  PROTO_ARAWAKAN{Arw.ARAWAKAN|@} ; skipping...
	No ISO or WALS codes for language  CARIB_1665{Arw.ARAWAKAN|Maipurean@Arawakan} ; skipping...
	No ISO or WALS codes for language  PROTO_CARIBAN{Car.CARIBAN|@} ; skipping...
	No ISO or WALS codes for language  GUARANI_ANTIGO{Tup.TUPI-GUARANI|Tupian,Tupi-Guarani,Guarani,Guarani@Tupian,Tupi-Guarani,Tupi-GuaraniSubgroupI} ; skipping...
	No ISO or WALS codes for language  PROTO_TUPI-GUARANI{Tup.TUPI-GUARANI|@} ; skipping...
	No ISO or WALS codes for language  PROTO_GE{MGe.GE-KAINGANG|@} ; skipping...
	No ISO or WALS codes for language  PROTO_NAMBIQUARAN{Nam.NAMBIKUARAN|@} ; skipping...
	No ISO or WALS codes for language  PROTO_JABUTI{Jab.JABUTI|@} ; skipping...
	No ISO or WALS codes for language  PROTO_CHAPAKURAN{CW.CHAPACURA-WANHAN|@} ; skipping...
	No ISO or WALS codes for language  PROTO_TACANAN{Tac.TACANAN|@} ; skipping...
	No ISO or WALS codes for language  PROTO_TACANAN_2{Tac.TACANAN|@} ; skipping...
	No ISO or WALS codes for language  PROTO_MATACOAN{Mat.MATACOAN|@} ; skipping...
	No ISO or WALS codes for language  HELSINKI_STADIN_SLANGI{Oth.CREOLES_AND_PIDGINS|@} ; skipping...
	No ISO or WALS codes for language  KAMTOK{Oth.CREOLES_AND_PIDGINS|@} ; skipping...
	No ISO or WALS codes for language  THONG_BOI{Oth.CREOLES_AND_PIDGINS|@} ; skipping...
	No ISO or WALS codes for language  ESKAYAN{Oth.UNCLASSIFIED|@} ; skipping...
	No ISO or WALS codes for language  DOTHRAKI{Oth.ARTIFICIAL|@ArtificialLanguage} ; skipping...
	No ISO or WALS codes for language  IDO{Oth.ARTIFICIAL|@ArtificialLanguage} ; skipping...
	No ISO or WALS codes for language  INTERLINGUA{Oth.ARTIFICIAL|@ArtificialLanguage} ; skipping...
	No ISO or WALS codes for language  KLINGON{Oth.ARTIFICIAL|@ArtificialLanguage} ; skipping...
	No ISO or WALS codes for language  KROTMAG_KLINGON{Oth.ARTIFICIAL|@ArtificialLanguage} ; skipping...
	No ISO or WALS codes for language  LOJBAN{Oth.ARTIFICIAL|@ArtificialLanguage} ; skipping...
	No ISO or WALS codes for language  MBOANDEM{Oth.ARTIFICIAL|Constructedlanguage@ArtificialLanguage} ; skipping...
	No ISO or WALS codes for language  MORSKA_KLINGON{Oth.ARTIFICIAL|@ArtificialLanguage} ; skipping...
	No ISO or WALS codes for language  NAVI{Oth.ARTIFICIAL|Constructedlanguage@ArtificialLanguage} ; skipping...
	No ISO or WALS codes for language  NINATIC{Oth.ARTIFICIAL|@ArtificialLanguage} ; skipping...
	No ISO or WALS codes for language  NOVOSLOVIENSKI_JEZYK{Oth.ARTIFICIAL|@ArtificialLanguage} ; skipping...
	No ISO or WALS codes for language  QUENYA{Oth.ARTIFICIAL|@ArtificialLanguage} ; skipping...
	No ISO or WALS codes for language  SINDARIN{Oth.ARTIFICIAL|@ArtificialLanguage} ; skipping...
	No ISO or WALS codes for language  SLOVIANSKI{Oth.ARTIFICIAL|@ArtificialLanguage} ; skipping...
	No ISO or WALS codes for language  SLOVIO{Oth.ARTIFICIAL|@ArtificialLanguage} ; skipping...
	No ISO or WALS codes for language  SLOVIO_2{Oth.ARTIFICIAL|@ArtificialLanguage} ; skipping...
	No ISO or WALS codes for language  SOLRESOL{Oth.ARTIFICIAL|@ArtificialLanguage} ; skipping...
	No ISO or WALS codes for language  TAKEV_KLINGON{Oth.ARTIFICIAL|@ArtificialLanguage} ; skipping...
	No ISO or WALS codes for language  TOKI_PONA{Oth.ARTIFICIAL|@ArtificialLanguage} ; skipping...
	No ISO or WALS codes for language  VOLAPUK{Oth.ARTIFICIAL|@ArtificialLanguage} ; skipping...
	No ISO or WALS codes for language  TAENSA{Oth.FAKE|@Spurious} ; skipping...
	Found duplicated info for  ESE_EJJA{Tac.TACANAN|Tacan : pick the first entry...
	Language  TAENSA{Oth.FAKE|@Spurious}  was not found; skipping...
	Found duplicated info for  KO{NC.ADAMAWA|Niger-Congo, : pick the first entry...
	Found duplicated info for  RANG{NC.ADAMAWA|Niger-Cong : pick the first entry...
	Found duplicated info for  BOMA{NC.BANTOID|Niger-Cong : pick the first entry...
	Found duplicated info for  BUU{NC.BANTOID|Niger-Congo : pick the first entry...
	Found duplicated info for  BU{NC.BANTOID|Niger-Congo, : pick the first entry...
	Found duplicated info for  EWONDO{NC.BANTOID|Niger-Co : pick the first entry...
	Found duplicated info for  HA{NC.BANTOID|Niger-Congo, : pick the first entry...
	Found duplicated info for  HOLOHOLO{NC.BANTOID|Niger- : pick the first entry...
	Found duplicated info for  HOLU{NC.BANTOID|Niger-Cong : pick the first entry...
	Found duplicated info for  IBONGO{NC.BANTOID|Niger-Co : pick the first entry...
	Found duplicated info for  ILA{NC.BANTOID|Niger-Congo : pick the first entry...
	Found duplicated info for  KOMO{NC.BANTOID|Niger-Cong : pick the first entry...
	Found duplicated info for  KUSU{NC.BANTOID|Niger-Cong : pick the first entry...
	Found duplicated info for  KUTU{NC.BANTOID|Niger-Cong : pick the first entry...
	Found duplicated info for  LAMBA{NC.BANTOID|Niger-Con : pick the first entry...
	Found duplicated info for  LEKE{NC.BANTOID|Niger-Cong : pick the first entry...
	Found duplicated info for  LINGALA_2{NC.BANTOID|Niger : pick the first entry...
	Found duplicated info for  LOMWE{NC.BANTOID|Niger-Con : pick the first entry...
	Found duplicated info for  LUBA{NC.BANTOID|Niger-Cong : pick the first entry...
	Found duplicated info for  MAMBWE{NC.BANTOID|Niger-Co : pick the first entry...
	Found duplicated info for  MAORE{NC.BANTOID|Niger-Con : pick the first entry...
	Found duplicated info for  MBALA{NC.BANTOID|Niger-Con : pick the first entry...
	Found duplicated info for  MBE{NC.BANTOID|Niger-Congo : pick the first entry...
	Found duplicated info for  MBUNDU{NC.BANTOID|Niger-Co : pick the first entry...
	Found duplicated info for  MBU{NC.BANTOID|Niger-Congo : pick the first entry...
	Found duplicated info for  MONGO{NC.BANTOID|Niger-Con : pick the first entry...
	Found duplicated info for  MWANI{NC.BANTOID|Niger-Con : pick the first entry...
	Found duplicated info for  NANDE{NC.BANTOID|Niger-Con : pick the first entry...
	Found duplicated info for  NDE{NC.BANTOID|Niger-Congo : pick the first entry...
	Found duplicated info for  NGOMBE{NC.BANTOID|Niger-Co : pick the first entry...
	Found duplicated info for  NGONI{NC.BANTOID|Niger-Con : pick the first entry...
	Found duplicated info for  NKOYA{NC.BANTOID|Niger-Con : pick the first entry...
	Found duplicated info for  NTOMBA{NC.BANTOID|Niger-Co : pick the first entry...
	Found duplicated info for  NYAMWEZI{NC.BANTOID|Niger- : pick the first entry...
	Found duplicated info for  NYANGA{NC.BANTOID|Niger-Co : pick the first entry...
	Found duplicated info for  OMBO{NC.BANTOID|Niger-Cong : pick the first entry...
	Found duplicated info for  PEMBA{NC.BANTOID|Niger-Con : pick the first entry...
	Found duplicated info for  PINZI{NC.BANTOID|Niger-Con : pick the first entry...
	Found duplicated info for  RUTOORO{NC.BANTOID|Niger-C : pick the first entry...
	Found duplicated info for  RWANDA{NC.BANTOID|Niger-Co : pick the first entry...
	Found duplicated info for  SAKATA{NC.BANTOID|Niger-Co : pick the first entry...
	Found duplicated info for  SHI{NC.BANTOID|Niger-Congo : pick the first entry...
	Found duplicated info for  SWATI{NC.BANTOID|Niger-Con : pick the first entry...
	Found duplicated info for  TEKE{NC.BANTOID|Niger-Cong : pick the first entry...
	Found duplicated info for  TIKUU{NC.BANTOID|Niger-Con : pick the first entry...
	Found duplicated info for  VARAMA{NC.BANTOID|Niger-Co : pick the first entry...
	Found duplicated info for  VUMBA{NC.BANTOID|Niger-Con : pick the first entry...
	Found duplicated info for  VUNGU{NC.BANTOID|Niger-Con : pick the first entry...
	Found duplicated info for  XHOSA{NC.BANTOID|Niger-Con : pick the first entry...
	Found duplicated info for  KANA{NC.CROSS_RIVER|Niger- : pick the first entry...
	Found duplicated info for  ORO{NC.CROSS_RIVER|Niger-C : pick the first entry...
	Found duplicated info for  WAN{NC.EASTERN_MANDE|Niger : pick the first entry...
	Found duplicated info for  GA{NC.KWA|Niger-Congo,Atla : pick the first entry...
	Language  GWARA{NC.PLATOID|Niger-Con  was not found; skipping...
	Found duplicated info for  JILI{NC.PLATOID|Niger-Cong : pick the first entry...
	Found duplicated info for  PE{NC.PLATOID|Niger-Congo, : pick the first entry...
	Found duplicated info for  MA{NC.UBANGI|Niger-Congo,A : pick the first entry...
	Found duplicated info for  MANZA{NC.UBANGI|Niger-Cong : pick the first entry...
	Found duplicated info for  MBAY{NS.BONGO-BAGIRMI|Nilo : pick the first entry...
	Found duplicated info for  KOMA{NS.KOMAN|Nilo-Saharan : pick the first entry...
	Found duplicated info for  KANURI{NS.WESTERN_SAHARAN| : pick the first entry...
	Found duplicated info for  TAMAZIGHT_CENTRAL_ATLAS_AY : pick the first entry...
	Found duplicated info for  TAMAZIGHT_CENTRAL_ATLAS_AY : pick the first entry...
	Found duplicated info for  UBI{AA.EAST_CHADIC|Afro-As : pick the first entry...
	Found duplicated info for  ARAMAIC{AA.SEMITIC|Afro-As : pick the first entry...
	Found duplicated info for  HEBREW{AA.SEMITIC|Afro-Asi : pick the first entry...
	Language  OGADEN_ARABIC{AA.SEMITIC|A  was not found; skipping...
	Found duplicated info for  SYRIAN_ARABIC{AA.SEMITIC|A : pick the first entry...
	Found duplicated info for  ENGLISH{IE.GERMANIC|Indo-E : pick the first entry...
	Found duplicated info for  GURBET_ROMANI{IE.INDIC|Ind : pick the first entry...
	Found duplicated info for  CATALAN{IE.ROMANCE|Indo-Eu : pick the first entry...
	Language  SARDINIAN{IE.ROMANCE|Indo-  was not found; skipping...
	Found duplicated info for  CROATIAN{IE.SLAVIC|Indo-Eu : pick the first entry...
	Found duplicated info for  RUSSIAN{IE.SLAVIC|Indo-Eur : pick the first entry...
	Found duplicated info for  MONGOLIAN{Alt.MONGOLIC|Alt : pick the first entry...
	Found duplicated info for  MANCHU{Alt.TUNGUSIC|Altaic : pick the first entry...
	Found duplicated info for  TATAR{Alt.TURKIC|Altaic,Tu : pick the first entry...
	Found duplicated info for  TURKISH{Alt.TURKIC|Altaic, : pick the first entry...
	Found duplicated info for  KET{Yen.YENISEIAN|Yeniseia : pick the first entry...
	Found duplicated info for  JAPANESE{Jap.JAPANESE|Japo : pick the first entry...
	Found duplicated info for  AKHVAKH{NDa.AVAR-ANDIC-TSE : pick the first entry...
	Found duplicated info for  KARATA{NDa.AVAR-ANDIC-TSEZ : pick the first entry...
	Found duplicated info for  TSEZ{NDa.AVAR-ANDIC-TSEZIC : pick the first entry...
	Found duplicated info for  LEZGI{NDa.LEZGIC|NorthCauc : pick the first entry...
	Found duplicated info for  CHECHEN{NDa.NAKH|NorthCauc : pick the first entry...
	Found duplicated info for  BURUSHASKI{Brs.BURUSHASKI| : pick the first entry...
	Found duplicated info for  SHI_BAI{ST.BAI|Sino-Tibeta : pick the first entry...
	Found duplicated info for  KHAM{ST.BODIC|Sino-Tibetan : pick the first entry...
	Found duplicated info for  LIMBU{ST.BODIC|Sino-Tibeta : pick the first entry...
	Found duplicated info for  THAKALI{ST.BODIC|Sino-Tibe : pick the first entry...
	Found duplicated info for  AKHA{ST.BURMESE-LOLO|Sino- : pick the first entry...
	Found duplicated info for  BURMESE{ST.BURMESE-LOLO|Si : pick the first entry...
	Found duplicated info for  MANDARIN{ST.CHINESE|Sino-T : pick the first entry...
	Found duplicated info for  CHANG{ST.NORTHERN_NAGA|Sin : pick the first entry...
	Found duplicated info for  KONYAK{ST.NORTHERN_NAGA|Si : pick the first entry...
	Found duplicated info for  NOCTE{ST.NORTHERN_NAGA|Sin : pick the first entry...
	Found duplicated info for  PHOM{ST.NORTHERN_NAGA|Sino : pick the first entry...
	Found duplicated info for  WANCHO{ST.NORTHERN_NAGA|Si : pick the first entry...
	Found duplicated info for  GALO{ST.TANI|Sino-Tibetan, : pick the first entry...
	Found duplicated info for  BUNU{HM.HMONG-MIEN|Hmong-M : pick the first entry...
	Found duplicated info for  XIANGXI_HMONG{HM.HMONG-MIE : pick the first entry...
	Found duplicated info for  BAHA_BUYANG{TK.KADAI|Tai-K : pick the first entry...
	Found duplicated info for  BUYANG{TK.KADAI|Tai-Kadai, : pick the first entry...
	Found duplicated info for  LACHI{TK.KADAI|Tai-Kadai,K : pick the first entry...
	Found duplicated info for  LAHA{TK.KADAI|Tai-Kadai,Kr : pick the first entry...
	Found duplicated info for  WHITE_LACHI{TK.KADAI|Tai-K : pick the first entry...
	Found duplicated info for  LAO{TK.KAM-TAI|Tai-Kadai,K : pick the first entry...
	Found duplicated info for  LU{TK.KAM-TAI|Tai-Kadai,Ka : pick the first entry...
	Found duplicated info for  MAK{TK.KAM-TAI|Tai-Kadai,K : pick the first entry...
	Found duplicated info for  MAONAN{TK.KAM-TAI|Tai-Kada : pick the first entry...
	Found duplicated info for  MULAO{TK.KAM-TAI|Tai-Kadai : pick the first entry...
	Found duplicated info for  NUNG{TK.KAM-TAI|Tai-Kadai, : pick the first entry...
	Found duplicated info for  PO_AI{TK.KAM-TAI|Tai-Kadai : pick the first entry...
	Found duplicated info for  SHAN{TK.KAM-TAI|Tai-Kadai, : pick the first entry...
	Found duplicated info for  SUI{TK.KAM-TAI|Tai-Kadai,K : pick the first entry...
	Found duplicated info for  THAI{TK.KAM-TAI|Tai-Kadai, : pick the first entry...
	Found duplicated info for  THAI_2{TK.KAM-TAI|Tai-Kada : pick the first entry...
	Found duplicated info for  THAI_3{TK.KAM-TAI|Tai-Kada : pick the first entry...
	Found duplicated info for  SRE{AuA.BAHNARIC|Austro-As : pick the first entry...
	Found duplicated info for  SANTALI{AuA.MUNDA|Austro-A : pick the first entry...
	Found duplicated info for  MANG{AuA.PALAUNG-KHMUIC|Au : pick the first entry...
	Found duplicated info for  U{AuA.PALAUNG-KHMUIC|Austr : pick the first entry...
	Found duplicated info for  WA{AuA.PALAUNG-KHMUIC|Aust : pick the first entry...
	Found duplicated info for  ATAYAL{An.ATAYALIC|Austron : pick the first entry...
	Found duplicated info for  BUNUN{An.ATAYALIC|Austrone : pick the first entry...
	Found duplicated info for  MALAGASY_SOUTHERN_BETSIMIS : pick the first entry...
	Found duplicated info for  MALAGASY_SOUTHERN_BETSIMIS : pick the first entry...
	Found duplicated info for  MALAGASY_SOUTHERN_BETSIMIS : pick the first entry...
	Found duplicated info for  MALAGASY_SOUTHERN_BETSIMIS : pick the first entry...
	Found duplicated info for  MALAGASY_SOUTHERN_BETSIMIS : pick the first entry...
	Found duplicated info for  MALAGASY_TANDROY_MAHAFALY_ : pick the first entry...
	Found duplicated info for  MALAGASY_TANDROY_MAHAFALY_ : pick the first entry...
	Found duplicated info for  SIANG{An.BARITO|Austronesi : pick the first entry...
	Found duplicated info for  ERAI{An.CENTRAL_MALAYO-POL : pick the first entry...
	Found duplicated info for  HARUKU{An.CENTRAL_MALAYO-P : pick the first entry...
	Found duplicated info for  KAMBERA{An.CENTRAL_MALAYO- : pick the first entry...
	Found duplicated info for  KOMERING{An.LAMPUNGIC|Aust : pick the first entry...
	Found duplicated info for  MALAY{An.MALAYIC|Austrones : pick the first entry...
	Found duplicated info for  BATAK{An.MESO-PHILIPPINE|A : pick the first entry...
	Found duplicated info for  TAGALOG{An.MESO-PHILIPPINE : pick the first entry...
	Found duplicated info for  AGTA{An.NORTHERN_PHILIPPIN : pick the first entry...
	Found duplicated info for  IBALOI{An.NORTHERN_PHILIPP : pick the first entry...
	Found duplicated info for  APMA{An.OCEANIC|Austronesi : pick the first entry...
	Found duplicated info for  ARE{An.OCEANIC|Austronesia : pick the first entry...
	Found duplicated info for  BAURO{An.OCEANIC|Austrones : pick the first entry...
	Found duplicated info for  BLABLANGA{An.OCEANIC|Austr : pick the first entry...
	Found duplicated info for  CHEKE_HOLO{An.OCEANIC|Aust : pick the first entry...
	Found duplicated info for  FIJIAN{An.OCEANIC|Austrone : pick the first entry...
	Found duplicated info for  FUTUNA{An.OCEANIC|Austrone : pick the first entry...
	Found duplicated info for  GHARI{An.OCEANIC|Austrones : pick the first entry...
	Found duplicated info for  KAHUA{An.OCEANIC|Austrones : pick the first entry...
	Found duplicated info for  LAU{An.OCEANIC|Austronesia : pick the first entry...
	Found duplicated info for  MAE{An.OCEANIC|Austronesia : pick the first entry...
	Found duplicated info for  MAORI{An.OCEANIC|Austrones : pick the first entry...
	Found duplicated info for  MAPOS{An.OCEANIC|Austrones : pick the first entry...
	Found duplicated info for  MARI{An.OCEANIC|Austronesi : pick the first entry...
	Found duplicated info for  MARSHALLESE{An.OCEANIC|Aus : pick the first entry...
	Found duplicated info for  MONO{An.OCEANIC|Austronesi : pick the first entry...
	Found duplicated info for  NAKANAI{An.OCEANIC|Austron : pick the first entry...
	Language  NATI{An.OCEANIC|Austronesi  was not found; skipping...
	Found duplicated info for  NEA{An.OCEANIC|Austronesia : pick the first entry...
	Language  NESE{An.OCEANIC|Austronesi  was not found; skipping...
	Language  ORKON{An.OCEANIC|Austrones  was not found; skipping...
	Found duplicated info for  SAA{An.OCEANIC|Austronesia : pick the first entry...
	Found duplicated info for  SA{An.OCEANIC|Austronesian : pick the first entry...
	Language  TAPE{An.OCEANIC|Austronesi  was not found; skipping...
	Found duplicated info for  TONGAN{An.OCEANIC|Austrone : pick the first entry...
	Found duplicated info for  TONGAN_2{An.OCEANIC|Austro : pick the first entry...
	Found duplicated info for  ULAU{An.OCEANIC|Austronesi : pick the first entry...
	Found duplicated info for  URA{An.OCEANIC|Austronesia : pick the first entry...
	Found duplicated info for  WALA{An.OCEANIC|Austronesi : pick the first entry...
	Found duplicated info for  AMIS{An.PAIWANIC|Austrones : pick the first entry...
	Found duplicated info for  PAIWAN{An.PAIWANIC|Austron : pick the first entry...
	Found duplicated info for  PAZEH{An.PAIWANIC|Austrone : pick the first entry...
	Found duplicated info for  PUYUMA{An.PAIWANIC|Austron : pick the first entry...
	Found duplicated info for  SAISIYAT{An.PAIWANIC|Austr : pick the first entry...
	Found duplicated info for  TAGABILI{An.SOUTH_MINDANAO : pick the first entry...
	Found duplicated info for  BUGINESE{An.SULAWESI|Austr : pick the first entry...
	Found duplicated info for  KONJO{An.SULAWESI|Austrone : pick the first entry...
	Found duplicated info for  ENGGANO{An.SUMATRA|Unclass : pick the first entry...
	Found duplicated info for  RUKAI{An.TSOUIC|Austronesi : pick the first entry...
	Found duplicated info for  TSOU{An.TSOUIC|Austronesia : pick the first entry...
	Found duplicated info for  BILUA{SoP.BILUA|CentralSol : pick the first entry...
	Found duplicated info for  UARIPI{Ele.ELEMAN_PROPER|T : pick the first entry...
	Found duplicated info for  MULAHA{Kwa.KWALEAN|Trans-N : pick the first entry...
	Found duplicated info for  NAKWI{LeM.LEFT_MAY|Arai(Le : pick the first entry...
	Found duplicated info for  YURI{KY.KARKAR-YURI|Pauwas : pick the first entry...
	Found duplicated info for  BUNA{Tor.MARIENBERG|Torric : pick the first entry...
	Found duplicated info for  ABUI{TAP.GREATER_ALOR|Tran : pick the first entry...
	Found duplicated info for  HAMAP{TAP.GREATER_ALOR|Tra : pick the first entry...
	Language  KAWA{TAP.GREATER_ALOR|Tran  was not found; skipping...
	Language  SAR_INDONESIA{TAP.GREATER_  was not found; skipping...
	Found duplicated info for  ASARO{TNG.EASTERN_HIGHLAND : pick the first entry...
	Found duplicated info for  BINUMARIEN{TNG.EASTERN_HIG : pick the first entry...
	Found duplicated info for  ENGA{TNG.ENGAN|Trans-NewGu : pick the first entry...
	Found duplicated info for  POLE{TNG.ENGAN|Trans-NewGu : pick the first entry...
	Found duplicated info for  MINDIK{TNG.FINISTERRE-HUON : pick the first entry...
	Found duplicated info for  KOIARI{TNG.KOIARIAN|Trans- : pick the first entry...
	Found duplicated info for  KOIARI_2{TNG.KOIARIAN|Tran : pick the first entry...
	Found duplicated info for  BOBAWA{WP.NORTH_HALMAHERAN : pick the first entry...
	Found duplicated info for  LODA{WP.NORTH_HALMAHERAN|W : pick the first entry...
	Language  DARKINYUNG{Aus.PAMA-NYUNGA  was not found; skipping...
	Language  GUNYA_GUWAMU{Aus.PAMA-NYUN  was not found; skipping...
	Language  MADHI_MADHI{Aus.PAMA-NYUNG  was not found; skipping...
	Language  NGARIGU{Aus.PAMA-NYUNGAN|A  was not found; skipping...
	Language  SYDNEY{Aus.PAMA-NYUNGAN|Au  was not found; skipping...
	Language  WEMBA_WEMBA{Aus.PAMA-NYUNG  was not found; skipping...
	Found duplicated info for  CARRIER{NDe.ATHAPASKAN|Eya : pick the first entry...
	Language  NAHUATL_ACAXOCHITLAN{UA.AZ  was not found; skipping...
	Language  NAHUATL_AMILCINGO_ZACUALPA  was not found; skipping...
	Language  NAHUATL_AYOTOXCO{UA.AZTECA  was not found; skipping...
	Language  NAHUATL_CHICHIQUILA{UA.AZT  was not found; skipping...
	Language  NAHUATL_CHIGNAUTLA{UA.AZTE  was not found; skipping...
	Language  NAHUATL_CHILOCOYO_HUEHUETL  was not found; skipping...
	Language  NAHUATL_CHINANCAHUATL_ZACU  was not found; skipping...
	Language  NAHUATL_COYOTEPEC{UA.AZTEC  was not found; skipping...
	Language  NAHUATL_CUAMELC0_TIANGUIST  was not found; skipping...
	Language  NAHUATL_CUATLAMAYAN_ANTONI  was not found; skipping...
	Language  NAHUATL_HUEYAPAN_TETELA_DE  was not found; skipping...
	Language  NAHUATL_HUEYATI_YAHUALICA{  was not found; skipping...
	Language  NAHUATL_IXHUATLAN_DE_MADER  was not found; skipping...
	Language  NAHUATL_IXTACAMAXTITLAN{UA  was not found; skipping...
	Language  NAHUATL_JALATLACO{UA.AZTEC  was not found; skipping...
	Language  NAHUATL_JICOCINGO_ZACATLAN  was not found; skipping...
	Language  NAHUATL_LA_REFORMA_TEPEHUA  was not found; skipping...
	Language  NAHUATL_LAS_BALSAS{UA.AZTE  was not found; skipping...
	Language  NAHUATL_MONTEGRANDE_PLATON  was not found; skipping...
	Language  NAHUATL_QUETZALAPA_AZOYU{U  was not found; skipping...
	Language  NAHUATL_REYES_DE_VALLARTA_  was not found; skipping...
	Language  NAHUATL_SAN_FRANCISCO_TLAL  was not found; skipping...
	Language  NAHUATL_SAN_JERONINO_AMANA  was not found; skipping...
	Language  NAHUATL_SANTA_ANA_TLACOTEN  was not found; skipping...
	Language  NAHUATL_SANTA_MARIA_TEOPOX  was not found; skipping...
	Language  NAHUATL_TLALNEPANTLA_TAMAZ  was not found; skipping...
	Language  NAHUATL_XAALITLA_TEPECUAUI  was not found; skipping...
	Language  NAHUATL_XALATZALA_TLAPA{UA  was not found; skipping...
	Language  NAHUATL_XALPATLAHUAC{UA.AZ  was not found; skipping...
	Language  NAHUATL_XILITLA{UA.AZTECAN  was not found; skipping...
	Language  NAHUATL_XOCHIATIPAN{UA.AZT  was not found; skipping...
	Language  NAHUATL_XOXOCOTLA_PUENTE_D  was not found; skipping...
	Language  NAHUATL_ZAHUASTIPAN_SAN_AU  was not found; skipping...
	Found duplicated info for  SOUTHERN_PAIUTE{UA.NUMIC|U : pick the first entry...
	Language  YANA{Hok.YANA|Yana@Yana}    was not found; skipping...
	Found duplicated info for  MATLATZINCA_SAN_FRANCISCO_ : pick the first entry...
	Found duplicated info for  MATLATZINCA_SAN_FRANCISCO_ : pick the first entry...
	Found duplicated info for  MAZAHUA{OM.OTOMIAN|Otomang : pick the first entry...
	Language  TOTONAC_COATEPEC{Tot.TOTON  was not found; skipping...
	Language  TOTONAC_OLINTLA{Tot.TOTONA  was not found; skipping...
	Language  TOTONAC_OZELONACAXTLA{Tot.  was not found; skipping...
	Language  TOTONAC_TEJERIA{Tot.TOTONA  was not found; skipping...
	Language  ULTERIOR_MIXE_C{MZ.MIXE-ZO  was not found; skipping...
	Found duplicated info for  HUAVE{Hua.HUAVEAN|Huavean@ : pick the first entry...
	Found duplicated info for  KICHEE_SANTA_MARIA_CHIQUIM : pick the first entry...
	Found duplicated info for  KICHEE_SANTA_MARIA_CHIQUIM : pick the first entry...
	Found duplicated info for  MAM_SAN_ILDEFONSO_IXTAHUAC : pick the first entry...
	Found duplicated info for  MAM_SAN_JUAN_OSTUNCALCO{Ma : pick the first entry...
	Found duplicated info for  MAM_TODOS_SANTOS_CUCHUMATA : pick the first entry...
	Found duplicated info for  MAM_TODOS_SANTOS_CUCHUMATA : pick the first entry...
	Found duplicated info for  MAM_TODOS_SANTOS_CUCHUMATA : pick the first entry...
	Found duplicated info for  QUICHE{May.MAYAN|Mayan,Yuc : pick the first entry...
	Found duplicated info for  SHUAR{Jiv.JIVAROAN|Jivaroa : pick the first entry...
	Found duplicated info for  HUANUCO{Que.QUECHUAN|Quech : pick the first entry...
	Found duplicated info for  TROJE{Que.QUECHUAN|Quechua : pick the first entry...
	Found duplicated info for  PIRO{Arw.ARAWAKAN|Maipurea : pick the first entry...
	Found duplicated info for  ESE_EJJA{Tac.TACANAN|Tacan : pick the first entry...
